<?xml version="1.0" encoding="UTF-8"?>
<testng-results ignored="0" total="1" passed="1" failed="0" skipped="0">
  <reporter-output>
  </reporter-output>
  <suite started-at="2021-01-06T00:10:16Z" name="Suite" finished-at="2021-01-06T00:11:01Z" duration-ms="44480">
    <groups>
    </groups>
    <test started-at="2021-01-06T00:10:16Z" name="My Wallet Test Case" finished-at="2021-01-06T00:11:01Z" duration-ms="44480">
      <class name="com.dollardays.testcases.MyWalletTestcase">
        <test-method is-config="true" signature="beforeClass()[pri:0, instance:com.dollardays.testcases.MyWalletTestcase@159f197]" started-at="2021-01-06T00:10:16Z" name="beforeClass" finished-at="2021-01-06T00:10:16Z" duration-ms="31" status="PASS">
          <reporter-output>
          </reporter-output>
        </test-method> <!-- beforeClass -->
        <test-method is-config="true" signature="setUpBrowser()[pri:0, instance:com.dollardays.testcases.MyWalletTestcase@159f197]" started-at="2021-01-06T00:10:18Z" name="setUpBrowser" finished-at="2021-01-06T00:10:33Z" duration-ms="15187" status="PASS">
          <reporter-output>
          </reporter-output>
        </test-method> <!-- setUpBrowser -->
        <test-method signature="walletDelete(java.util.Hashtable)[pri:0, instance:com.dollardays.testcases.MyWalletTestcase@159f197]" started-at="2021-01-06T00:10:33Z" name="walletDelete" data-provider="dd-dataprovider" finished-at="2021-01-06T00:10:57Z" duration-ms="23952" status="PASS">
          <params>
            <param index="0">
              <value>
                <![CDATA[{Year=2021, Street Address=United States of America, TestCase=Add New Wallet, TCID=TC_DD_AddressBook_02, SheetName=Sheet3, Runmode=Yes, NameOnCard=Madhu De, UserName=srikanthtesting100@gmail.com, Password=cGFzc3dvcmQxMjM=, Security Code=345, ExpirationDate=02-February, Zip Code=85286, City=Chandler, State=Arizona, CardNumber=1234567890123456, =}]]>
              </value>
            </param>
          </params>
          <reporter-output>
          </reporter-output>
        </test-method> <!-- walletDelete -->
        <test-method is-config="true" signature="quit()[pri:0, instance:com.dollardays.testcases.MyWalletTestcase@159f197]" started-at="2021-01-06T00:10:57Z" name="quit" finished-at="2021-01-06T00:11:01Z" duration-ms="3211" status="PASS">
          <reporter-output>
          </reporter-output>
        </test-method> <!-- quit -->
        <test-method is-config="true" signature="afterClass()[pri:0, instance:com.dollardays.testcases.MyWalletTestcase@159f197]" started-at="2021-01-06T00:11:01Z" name="afterClass" finished-at="2021-01-06T00:11:01Z" duration-ms="0" status="PASS">
          <reporter-output>
          </reporter-output>
        </test-method> <!-- afterClass -->
      </class> <!-- com.dollardays.testcases.MyWalletTestcase -->
    </test> <!-- My Wallet Test Case -->
  </suite> <!-- Suite -->
</testng-results>
