<?xml version="1.0" encoding="UTF-8"?>
<testsuite xmlns:xsi="http://www.w3.org/2001/XMLSchema-instance" xsi:schemaLocation="https://maven.apache.org/surefire/maven-surefire-plugin/xsd/surefire-test-report.xsd" name="TestSuite" time="885.505" tests="17" errors="0" skipped="0" failures="0">
  <properties>
[...]
</properties>
  <testcase name="addressBookCreate" classname="com.dollardays.testcases.MyAddressBookTestCase" time="42.469"/>
  <testcase name="addressBookCreate" classname="com.dollardays.testcases.MyAddressBookTestCase" time="41.312"/>
  <testcase name="addressBookCreate" classname="com.dollardays.testcases.MyAddressBookTestCase" time="39.75"/>
  <testcase name="addressBookCreate" classname="com.dollardays.testcases.MyAddressBookTestCase" time="51.135"/>
  <testcase name="addressBookCreate" classname="com.dollardays.testcases.MyAddressBookTestCase" time="42.181"/>
  <testcase name="addressBookLastCancel" classname="com.dollardays.testcases.MyAddressBookTestCase" time="36.142"/>
  <testcase name="addressBookLastCancel" classname="com.dollardays.testcases.MyAddressBookTestCase" time="35.378"/>
  <testcase name="addressBookLastCancel" classname="com.dollardays.testcases.MyAddressBookTestCase" time="40.382"/>
  <testcase name="addressBookLastCancel" classname="com.dollardays.testcases.MyAddressBookTestCase" time="37.137"/>
  <testcase name="addressBookLastCancel" classname="com.dollardays.testcases.MyAddressBookTestCase" time="37.117"/>
  <testcase name="login" classname="com.dollardays.testcases.MyAddressBookTestCase" time="9.863"/>
  <testcase name="addWallet" classname="com.dollardays.testcases.MyWalletTestcase" time="39.494"/>
  <testcase name="addWallet" classname="com.dollardays.testcases.MyWalletTestcase" time="38.102"/>
  <testcase name="cancelWalletAdd" classname="com.dollardays.testcases.MyWalletTestcase" time="33.999"/>
  <testcase name="cancelWalletAdd" classname="com.dollardays.testcases.MyWalletTestcase" time="33.695"/>
  <testcase name="editWallet" classname="com.dollardays.testcases.MyWalletTestcase" time="37.943"/>
  <testcase name="editWallet" classname="com.dollardays.testcases.MyWalletTestcase" time="34.133"/>
</testsuite>