<?xml version="1.0" encoding="UTF-8"?>
<testng-results ignored="0" total="2" passed="2" failed="0" skipped="0">
  <reporter-output>
  </reporter-output>
  <suite started-at="2020-12-16T14:48:46 MST" name="Default suite" finished-at="2020-12-16T14:49:25 MST" duration-ms="39673">
    <groups>
    </groups>
    <test started-at="2020-12-16T14:48:46 MST" name="Default test" finished-at="2020-12-16T14:49:25 MST" duration-ms="39673">
      <class name="com.dollardays.testcases.MyAddressBookTestCase">
        <test-method is-config="true" signature="beforeClass()[pri:0, instance:com.dollardays.testcases.MyAddressBookTestCase@1fa121e2]" started-at="2020-12-16T14:48:46 MST" name="beforeClass" finished-at="2020-12-16T14:48:46 MST" duration-ms="22" status="PASS">
          <reporter-output>
          </reporter-output>
        </test-method> <!-- beforeClass -->
        <test-method is-config="true" signature="setUpBrowser()[pri:0, instance:com.dollardays.testcases.MyAddressBookTestCase@1fa121e2]" started-at="2020-12-16T14:48:47 MST" name="setUpBrowser" finished-at="2020-12-16T14:49:03 MST" duration-ms="15114" status="PASS">
          <reporter-output>
          </reporter-output>
        </test-method> <!-- setUpBrowser -->
        <test-method signature="invokeLogin(java.util.Hashtable)[pri:0, instance:com.dollardays.testcases.MyAddressBookTestCase@1fa121e2]" started-at="2020-12-16T14:49:03 MST" name="invokeLogin" data-provider="dd-dataprovider" finished-at="2020-12-16T14:49:04 MST" duration-ms="1361" status="PASS">
          <params>
            <param index="0">
              <value>
                <![CDATA[{Apt=1234.0, TestCase=Valid Login Credentials, Ext=1.0, TCID=TC_DD_AddressBook_01, SheetName=Sheet1, Runmode=Yes, CompanyName=AAAA, PhoneNumber=1.234567891E9, StreetAddress=123 Pecos dr, UserName=srikanthtesting100@gmail.com, Password=cGFzc3dvcmQxMjM=, LastName=Sundar, ZipCode=85286.0, City=Chandler, FirstName=Madhu, State=Arizona, Country=United States of America}]]>
              </value>
            </param>
          </params>
          <reporter-output>
          </reporter-output>
        </test-method> <!-- invokeLogin -->
        <test-method is-config="true" signature="quit()[pri:0, instance:com.dollardays.testcases.MyAddressBookTestCase@1fa121e2]" started-at="2020-12-16T14:49:04 MST" name="quit" finished-at="2020-12-16T14:49:06 MST" duration-ms="1797" status="PASS">
          <reporter-output>
          </reporter-output>
        </test-method> <!-- quit -->
        <test-method is-config="true" signature="setUpBrowser()[pri:0, instance:com.dollardays.testcases.MyAddressBookTestCase@1fa121e2]" started-at="2020-12-16T14:49:06 MST" name="setUpBrowser" finished-at="2020-12-16T14:49:21 MST" duration-ms="14648" status="PASS">
          <reporter-output>
          </reporter-output>
        </test-method> <!-- setUpBrowser -->
        <test-method signature="newAddressBook(java.util.Hashtable)[pri:0, instance:com.dollardays.testcases.MyAddressBookTestCase@1fa121e2]" started-at="2020-12-16T14:49:21 MST" name="newAddressBook" data-provider="dd-dataprovider" finished-at="2020-12-16T14:49:21 MST" duration-ms="143" status="PASS">
          <params>
            <param index="0">
              <value>
                <![CDATA[{Apt=1234.0, TestCase=Add New Address Book, Ext=1.0, TCID=TC_DD_AddressBook_02, SheetName=Sheet2, Runmode=Yes, CompanyName=AAAA, PhoneNumber=1.234567891E9, StreetAddress=123 Pecos dr, UserName=srikanthtesting100@gmail.com, Password=cGFzc3dvcmQxMjM=, LastName=Sundar, ZipCode=85286.0, City=Chandler, FirstName=Madhu, State=Arizona, Country=United States of America}]]>
              </value>
            </param>
          </params>
          <reporter-output>
          </reporter-output>
        </test-method> <!-- newAddressBook -->
        <test-method is-config="true" signature="quit()[pri:0, instance:com.dollardays.testcases.MyAddressBookTestCase@1fa121e2]" started-at="2020-12-16T14:49:21 MST" name="quit" finished-at="2020-12-16T14:49:25 MST" duration-ms="4651" status="PASS">
          <reporter-output>
          </reporter-output>
        </test-method> <!-- quit -->
        <test-method is-config="true" signature="afterClass()[pri:0, instance:com.dollardays.testcases.MyAddressBookTestCase@1fa121e2]" started-at="2020-12-16T14:49:25 MST" name="afterClass" finished-at="2020-12-16T14:49:25 MST" duration-ms="0" status="PASS">
          <reporter-output>
          </reporter-output>
        </test-method> <!-- afterClass -->
      </class> <!-- com.dollardays.testcases.MyAddressBookTestCase -->
    </test> <!-- Default test -->
  </suite> <!-- Default suite -->
</testng-results>
